Using pre-set license
Built from '2021.1/release' branch; Version is '2021.1.4f1 (4cd64a618c1b) revision 5035594'; Using compiler version '192528614'; Build Type 'Release'
OS: 'Windows 10 Home; OS build 18363.1440; Version 1909; 64bit' Language: 'en' Physical Memory: 16164 MB
BatchMode: 1, IsHumanControllingUs: 0, StartBugReporterOnCrash: 0, Is64bit: 1, IsPro: 0

 COMMAND LINE ARGUMENTS:
C:\Program Files\Unity\Hub\Editor\2021.1.4f1\Editor\Unity.exe
-adb2
-batchMode
-noUpm
-name
AssetImportWorker0
-projectPath
C:/Users/Gur/Documents/GitHub/DeirdreAndPedro
-logFile
Logs/AssetImportWorker0.log
-srvPort
52173
Successfully changed project path to: C:/Users/Gur/Documents/GitHub/DeirdreAndPedro
C:/Users/Gur/Documents/GitHub/DeirdreAndPedro
Using Asset Import Pipeline V2.
Refreshing native plugins compatible for Editor in 99.89 ms, found 2 plugins.
Preloading 0 native plugins for Editor in 0.00 ms.
Initialize engine version: 2021.1.4f1 (4cd64a618c1b)
[Subsystems] Discovering subsystems at path C:/Program Files/Unity/Hub/Editor/2021.1.4f1/Editor/Data/Resources/UnitySubsystems
[Subsystems] Discovering subsystems at path C:/Users/Gur/Documents/GitHub/DeirdreAndPedro/Assets
GfxDevice: creating device client; threaded=0; jobified=0
Direct3D:
    Version:  Direct3D 11.0 [level 11.1]
    Renderer: NVIDIA GeForce GTX 1650 (ID=0x1f91)
    Vendor:   NVIDIA
    VRAM:     3964 MB
    Driver:   27.21.14.5771
Initialize mono
Mono path[0] = 'C:/Program Files/Unity/Hub/Editor/2021.1.4f1/Editor/Data/Managed'
Mono path[1] = 'C:/Program Files/Unity/Hub/Editor/2021.1.4f1/Editor/Data/MonoBleedingEdge/lib/mono/unityjit'
Mono config path = 'C:/Program Files/Unity/Hub/Editor/2021.1.4f1/Editor/Data/MonoBleedingEdge/etc'
Using monoOptions --debugger-agent=transport=dt_socket,embedding=1,server=y,suspend=n,address=127.0.0.1:56688
Begin MonoManager ReloadAssembly
Registering precompiled unity dll's ...
Register platform support module: C:/Program Files/Unity/Hub/Editor/2021.1.4f1/Editor/Data/PlaybackEngines/WindowsStandaloneSupport/UnityEditor.WindowsStandalone.Extensions.dll
Registered in 0.001783 seconds.
Native extension for WindowsStandalone target not found
Refreshing native plugins compatible for Editor in 99.46 ms, found 2 plugins.
Preloading 0 native plugins for Editor in 0.00 ms.
Mono: successfully reloaded assembly
- Completed reload, in  1.061 seconds
Platform modules already initialized, skipping
Registering precompiled user dll's ...
Registered in 0.003267 seconds.
Begin MonoManager ReloadAssembly
Native extension for WindowsStandalone target not found
Refreshing native plugins compatible for Editor in 114.60 ms, found 2 plugins.
Preloading 0 native plugins for Editor in 0.00 ms.
Mono: successfully reloaded assembly
- Completed reload, in  1.149 seconds
Platform modules already initialized, skipping
========================================================================
Worker process is ready to serve import requests
Launched and connected shader compiler UnityShaderCompiler.exe after 0.05 seconds
Refreshing native plugins compatible for Editor in 0.73 ms, found 2 plugins.
Preloading 0 native plugins for Editor in 0.00 ms.
Unloading 3370 Unused Serialized files (Serialized files now loaded: 0)
System memory in use before: 127.8 MB.
System memory in use after: 127.9 MB.

Unloading 29 unused Assets to reduce memory usage. Loaded Objects now: 3822.
Total: 2.280400 ms (FindLiveObjects: 0.242800 ms CreateObjectMapping: 0.153400 ms MarkObjects: 1.783700 ms  DeleteObjects: 0.099700 ms)

========================================================================
Received Import Request.
  path: Assets
  artifactKey: Guid(00000000000000001000000000000000) Importer(815301076,1909f56bfc062723c751e8b465ee728b)
Start importing Assets using Guid(00000000000000001000000000000000) Importer(815301076,1909f56bfc062723c751e8b465ee728b)  -> (artifact id: '9222b99937b918022a9cc33b6e833563') in 0.009298 seconds 
========================================================================
Received Import Request.
  Time since last request: 0.419063 seconds.
  path: Assets/Textures
  artifactKey: Guid(980c8ba07de3c9c41a77effd5e75e0bb) Importer(815301076,1909f56bfc062723c751e8b465ee728b)
Start importing Assets/Textures using Guid(980c8ba07de3c9c41a77effd5e75e0bb) Importer(815301076,1909f56bfc062723c751e8b465ee728b)  -> (artifact id: 'd98dc23b9b73597b6808a81eb6a459d3') in 0.006661 seconds 
========================================================================
Received Import Request.
  Time since last request: 13.541683 seconds.
  path: Assets/Textures/Walls.png
  artifactKey: Guid(c918c2d225a4b0141880d96dc2b692e7) Importer(815301076,1909f56bfc062723c751e8b465ee728b)
Start importing Assets/Textures/Walls.png using Guid(c918c2d225a4b0141880d96dc2b692e7) Importer(815301076,1909f56bfc062723c751e8b465ee728b)  -> (artifact id: 'd12ff5666f4c24436bfce0493fbdc4c5') in 0.135138 seconds 
========================================================================
Received Import Request.
  Time since last request: 23.040335 seconds.
  path: Assets/Scripts
  artifactKey: Guid(ef741bbc57a07db48897471d51c56bf2) Importer(815301076,1909f56bfc062723c751e8b465ee728b)
Start importing Assets/Scripts using Guid(ef741bbc57a07db48897471d51c56bf2) Importer(815301076,1909f56bfc062723c751e8b465ee728b)  -> (artifact id: '2220c6afb5c37f98d090fd7cc7d7e58c') in 0.006868 seconds 
========================================================================
Received Import Request.
  Time since last request: 5.797089 seconds.
  path: Assets/Scripts/UnityUtils
  artifactKey: Guid(797d4f9af3cb62e42926cfc178edf626) Importer(815301076,1909f56bfc062723c751e8b465ee728b)
Start importing Assets/Scripts/UnityUtils using Guid(797d4f9af3cb62e42926cfc178edf626) Importer(815301076,1909f56bfc062723c751e8b465ee728b)  -> (artifact id: '4a722bf4238840fcb4d0e9091236fdde') in 0.006398 seconds 
========================================================================
Received Import Request.
  Time since last request: 47.632509 seconds.
  path: Assets/Scripts/UnityUtils/Control
  artifactKey: Guid(dd1cf8b5c1b959a4ea0a25cbe10dda06) Importer(815301076,1909f56bfc062723c751e8b465ee728b)
Start importing Assets/Scripts/UnityUtils/Control using Guid(dd1cf8b5c1b959a4ea0a25cbe10dda06) Importer(815301076,1909f56bfc062723c751e8b465ee728b)  -> (artifact id: '4c4bab5e34677598ac7af301b4653b65') in 0.011193 seconds 
========================================================================
Received Prepare
Registering precompiled user dll's ...
Registered in 0.003498 seconds.
Begin MonoManager ReloadAssembly
Native extension for WindowsStandalone target not found
Refreshing native plugins compatible for Editor in 0.65 ms, found 2 plugins.
Preloading 0 native plugins for Editor in 0.00 ms.
Mono: successfully reloaded assembly
- Completed reload, in  1.147 seconds
Platform modules already initialized, skipping
Refreshing native plugins compatible for Editor in 0.72 ms, found 2 plugins.
Preloading 0 native plugins for Editor in 0.00 ms.
Unloading 3381 Unused Serialized files (Serialized files now loaded: 0)
System memory in use before: 132.2 MB.
System memory in use after: 132.3 MB.

Unloading 17 unused Assets to reduce memory usage. Loaded Objects now: 3862.
Total: 2.387400 ms (FindLiveObjects: 0.317500 ms CreateObjectMapping: 0.192600 ms MarkObjects: 1.794700 ms  DeleteObjects: 0.081900 ms)

========================================================================
Received Prepare
Registering precompiled user dll's ...
Registered in 0.003916 seconds.
Begin MonoManager ReloadAssembly
Native extension for WindowsStandalone target not found
Refreshing native plugins compatible for Editor in 0.71 ms, found 2 plugins.
Preloading 0 native plugins for Editor in 0.00 ms.
Mono: successfully reloaded assembly
- Completed reload, in  1.095 seconds
Platform modules already initialized, skipping
Refreshing native plugins compatible for Editor in 0.71 ms, found 2 plugins.
Preloading 0 native plugins for Editor in 0.00 ms.
Unloading 3383 Unused Serialized files (Serialized files now loaded: 0)
System memory in use before: 132.3 MB.
System memory in use after: 132.4 MB.

Unloading 17 unused Assets to reduce memory usage. Loaded Objects now: 3869.
Total: 2.515500 ms (FindLiveObjects: 0.258400 ms CreateObjectMapping: 0.185100 ms MarkObjects: 1.988300 ms  DeleteObjects: 0.083000 ms)

========================================================================
Received Import Request.
  Time since last request: 25.737675 seconds.
  path: Assets/Scripts/UnityUtils/AdvancedSpriteSheetAnimation
  artifactKey: Guid(57226119eaa71604da86ec22b8b1a7b8) Importer(815301076,1909f56bfc062723c751e8b465ee728b)
Start importing Assets/Scripts/UnityUtils/AdvancedSpriteSheetAnimation using Guid(57226119eaa71604da86ec22b8b1a7b8) Importer(815301076,1909f56bfc062723c751e8b465ee728b)  -> (artifact id: '3b6088a8a340e39432b0cfe777033d22') in 0.011495 seconds 
